<?xml version="1.0" encoding="UTF-8"?>
<robot generator="Robot 3.0.2 (Python 3.6.0 on win32)" generated="20171125 11:40:26.883">
<suite id="s1" name="Register.Spec" source="C:\Users\informatics\workspace\06-first-robort\register.spec.robot">
<test id="s1-t1" name="Open Register Page Successful">
<kw name="Open Browser" library="SeleniumLibrary">
<doc>Opens a new browser instance to the given ``url``.</doc>
<arguments>
<arg>http://bit.ly/2BajZDe</arg>
<arg>chrome</arg>
</arguments>
<msg timestamp="20171125 11:40:26.994" level="INFO">Opening browser 'chrome' to base url 'http://bit.ly/2BajZDe'.</msg>
<status status="PASS" starttime="20171125 11:40:26.994" endtime="20171125 11:40:30.963"></status>
</kw>
<status status="PASS" starttime="20171125 11:40:26.978" endtime="20171125 11:40:30.964" critical="yes"></status>
</test>
<test id="s1-t2" name="Register Page Check All Required Fields">
<kw name="Open Browser" library="SeleniumLibrary">
<doc>Opens a new browser instance to the given ``url``.</doc>
<arguments>
<arg>http://bit.ly/2BajZDe</arg>
<arg>chrome</arg>
</arguments>
<msg timestamp="20171125 11:40:30.965" level="INFO">Opening browser 'chrome' to base url 'http://bit.ly/2BajZDe'.</msg>
<status status="PASS" starttime="20171125 11:40:30.965" endtime="20171125 11:40:35.203"></status>
</kw>
<kw name="Click Element" library="SeleniumLibrary">
<doc>Click element identified by ``locator``.</doc>
<arguments>
<arg>id=btn_submit</arg>
</arguments>
<msg timestamp="20171125 11:40:35.203" level="INFO">Clicking element 'id=btn_submit'.</msg>
<status status="PASS" starttime="20171125 11:40:35.203" endtime="20171125 11:40:35.321"></status>
</kw>
<kw name="Wait Until Page Contains" library="SeleniumLibrary">
<doc>Waits until ``text`` appears on current page.</doc>
<arguments>
<arg>The Email field is required</arg>
</arguments>
<status status="PASS" starttime="20171125 11:40:35.321" endtime="20171125 11:40:35.340"></status>
</kw>
<kw name="Wait Until Page Contains" library="SeleniumLibrary">
<doc>Waits until ``text`` appears on current page.</doc>
<arguments>
<arg>The Password field is required</arg>
</arguments>
<status status="PASS" starttime="20171125 11:40:35.340" endtime="20171125 11:40:35.357"></status>
</kw>
<kw name="Wait Until Page Contains" library="SeleniumLibrary">
<doc>Waits until ``text`` appears on current page.</doc>
<arguments>
<arg>The Re-type Password field is required</arg>
</arguments>
<status status="PASS" starttime="20171125 11:40:35.357" endtime="20171125 11:40:35.372"></status>
</kw>
<kw name="Wait Until Page Contains" library="SeleniumLibrary">
<doc>Waits until ``text`` appears on current page.</doc>
<arguments>
<arg>The Name field is required</arg>
</arguments>
<status status="PASS" starttime="20171125 11:40:35.372" endtime="20171125 11:40:35.387"></status>
</kw>
<status status="PASS" starttime="20171125 11:40:30.964" endtime="20171125 11:40:35.387" critical="yes"></status>
</test>
<kw name="Close All Browsers" library="SeleniumLibrary" type="teardown">
<doc>Closes all open browsers and resets the browser cache.</doc>
<status status="PASS" starttime="20171125 11:40:35.388" endtime="20171125 11:40:41.464"></status>
</kw>
<status status="PASS" starttime="20171125 11:40:26.883" endtime="20171125 11:40:41.464"></status>
</suite>
<statistics>
<total>
<stat pass="2" fail="0">Critical Tests</stat>
<stat pass="2" fail="0">All Tests</stat>
</total>
<tag>
</tag>
<suite>
<stat pass="2" fail="0" id="s1" name="Register.Spec">Register.Spec</stat>
</suite>
</statistics>
<errors>
</errors>
</robot>
